<?xml version="1.0" encoding="UTF-8"?>
<!-- Generated by org.testng.reporters.JUnitReportReporter -->
<testsuite skipped="0" hostname="dupati" name="pack1.WomenShopping" tests="1" failures="0" timestamp="2021-06-08T17:48:00 EDT" time="68.078" errors="0">
  <testcase name="test" time="68.078" classname="pack1.WomenShopping"/>
  <system-out/>
</testsuite> <!-- pack1.WomenShopping -->
