<?xml version="1.0" encoding="UTF-8"?>
<!-- Generated by org.testng.reporters.JUnitReportReporter -->
<testsuite skipped="0" hostname="dupati" name="pack1.TC1_WomenShopping" tests="1" failures="0" timestamp="2021-06-11T15:49:57 EDT" time="100.702" errors="0">
  <testcase name="test" time="100.702" classname="pack1.TC1_WomenShopping"/>
  <system-out/>
</testsuite> <!-- pack1.TC1_WomenShopping -->
