<?xml version="1.0" encoding="UTF-8"?>
<!-- Generated by org.testng.reporters.JUnitReportReporter -->
<testsuite skipped="0" hostname="dupati" name="pack1.NewTest1" tests="1" failures="0" timestamp="2021-06-08T17:40:17 EDT" time="0.022" errors="0">
  <testcase name="f" time="0.022" classname="pack1.NewTest1"/>
  <system-out/>
</testsuite> <!-- pack1.NewTest1 -->
